<?xml version="1.0" encoding="UTF-8"?>
<!-- Generated by org.testng.reporters.JUnitReportReporter -->
<testsuite hostname="lucky" name="jan19.AdvanceReports" tests="2" failures="0" timestamp="28 Jan 2022 12:45:36 GMT" time="18.120" errors="0">
  <testcase name="PassTest" time="8.476" classname="jan19.AdvanceReports"/>
  <testcase name="failTest" time="9.644" classname="jan19.AdvanceReports"/>
</testsuite> <!-- jan19.AdvanceReports -->
