<?xml version="1.0" encoding="UTF-8"?>
<!-- Generated by org.testng.reporters.JUnitReportReporter -->
<testsuite hostname="lucky" name="jan19.PropertyFile" tests="1" failures="0" timestamp="26 Jan 2022 05:08:36 GMT" time="2.985" errors="0">
  <testcase name="verifyLogin" time="2.985" classname="jan19.PropertyFile"/>
</testsuite> <!-- jan19.PropertyFile -->
