<?xml version="1.0" encoding="UTF-8"?>
<!-- Generated by org.testng.reporters.JUnitReportReporter -->
<testsuite hostname="lucky" name="jan19.AdvanceReport" tests="2" failures="0" timestamp="28 Jan 2022 12:47:47 GMT" time="12.719" errors="0">
  <testcase name="PassTest" time="6.490" classname="jan19.AdvanceReport"/>
  <testcase name="failTest" time="6.229" classname="jan19.AdvanceReport"/>
</testsuite> <!-- jan19.AdvanceReport -->
